Using pre-set license
Built from '2022.3/staging' branch; Version is '2022.3.10f1 (ff3792e53c62) revision 16725906'; Using compiler version '192829333'; Build Type 'Release'
OS: 'Windows 10  (10.0.19045) 64bit Core' Language: 'en' Physical Memory: 15307 MB
BatchMode: 1, IsHumanControllingUs: 0, StartBugReporterOnCrash: 0, Is64bit: 1, IsPro: 1

COMMAND LINE ARGUMENTS:
C:\Program Files\Unity\Hub\Editor\2022.3.10f1\Editor\Unity.exe
-adb2
-batchMode
-noUpm
-name
AssetImportWorker0
-projectPath
D:/unity projects/DungeonExplore
-logFile
Logs/AssetImportWorker0.log
-srvPort
61809
Successfully changed project path to: D:/unity projects/DungeonExplore
D:/unity projects/DungeonExplore
[UnityMemory] Configuration Parameters - Can be set up in boot.config
    "memorysetup-bucket-allocator-granularity=16"
    "memorysetup-bucket-allocator-bucket-count=8"
    "memorysetup-bucket-allocator-block-size=33554432"
    "memorysetup-bucket-allocator-block-count=8"
    "memorysetup-main-allocator-block-size=16777216"
    "memorysetup-thread-allocator-block-size=16777216"
    "memorysetup-gfx-main-allocator-block-size=16777216"
    "memorysetup-gfx-thread-allocator-block-size=16777216"
    "memorysetup-cache-allocator-block-size=4194304"
    "memorysetup-typetree-allocator-block-size=2097152"
    "memorysetup-profiler-bucket-allocator-granularity=16"
    "memorysetup-profiler-bucket-allocator-bucket-count=8"
    "memorysetup-profiler-bucket-allocator-block-size=33554432"
    "memorysetup-profiler-bucket-allocator-block-count=8"
    "memorysetup-profiler-allocator-block-size=16777216"
    "memorysetup-profiler-editor-allocator-block-size=1048576"
    "memorysetup-temp-allocator-size-main=16777216"
    "memorysetup-job-temp-allocator-block-size=2097152"
    "memorysetup-job-temp-allocator-block-size-background=1048576"
    "memorysetup-job-temp-allocator-reduction-small-platforms=262144"
    "memorysetup-allocator-temp-initial-block-size-main=262144"
    "memorysetup-allocator-temp-initial-block-size-worker=262144"
    "memorysetup-temp-allocator-size-background-worker=32768"
    "memorysetup-temp-allocator-size-job-worker=262144"
    "memorysetup-temp-allocator-size-preload-manager=33554432"
    "memorysetup-temp-allocator-size-nav-mesh-worker=65536"
    "memorysetup-temp-allocator-size-audio-worker=65536"
    "memorysetup-temp-allocator-size-cloud-worker=32768"
    "memorysetup-temp-allocator-size-gi-baking-worker=262144"
    "memorysetup-temp-allocator-size-gfx=262144"
Player connection [20324] Host "[IP] 192.168.1.106 [Port] 0 [Flags] 2 [Guid] 2997906478 [EditorId] 2997906478 [Version] 1048832 [Id] WindowsEditor(7,DESKTOP-I7HCLI5) [Debug] 1 [PackageName] WindowsEditor [ProjectName] Editor" joined multi-casting on [225.0.0.222:54997]...

Player connection [20324] Host "[IP] 192.168.1.106 [Port] 0 [Flags] 2 [Guid] 2997906478 [EditorId] 2997906478 [Version] 1048832 [Id] WindowsEditor(7,DESKTOP-I7HCLI5) [Debug] 1 [PackageName] WindowsEditor [ProjectName] Editor" joined alternative multi-casting on [225.0.0.222:34997]...

[Physics::Module] Initialized MultithreadedJobDispatcher with 3 workers.
Refreshing native plugins compatible for Editor in 66.80 ms, found 3 plugins.
Preloading 0 native plugins for Editor in 0.00 ms.
Initialize engine version: 2022.3.10f1 (ff3792e53c62)
[Subsystems] Discovering subsystems at path C:/Program Files/Unity/Hub/Editor/2022.3.10f1/Editor/Data/Resources/UnitySubsystems
[Subsystems] Discovering subsystems at path D:/unity projects/DungeonExplore/Assets
GfxDevice: creating device client; threaded=0; jobified=0
d3d12: loaded!
Direct3D:
    Version:         Direct3D 12 [level 12.0]
    Renderer:        AMD Radeon(TM) R7 Graphics (ID=0x1313)
    Vendor:          ATI
    VRAM:            7653 MB
    App VRAM Budget: 7956 MB
    Driver:          27.20.1034.6
    Unified Memory Architecture
d3d12: Profiler is enabled, but stable power state is not. GPU timing errors are expected.
Shader Hidden/ProbeVolume/VoxelizeScene is not supported: GPU does not support conservative rasterization
Initialize mono
Mono path[0] = 'C:/Program Files/Unity/Hub/Editor/2022.3.10f1/Editor/Data/Managed'
Mono path[1] = 'C:/Program Files/Unity/Hub/Editor/2022.3.10f1/Editor/Data/MonoBleedingEdge/lib/mono/unityjit-win32'
Mono config path = 'C:/Program Files/Unity/Hub/Editor/2022.3.10f1/Editor/Data/MonoBleedingEdge/etc'
Using monoOptions --debugger-agent=transport=dt_socket,embedding=1,server=y,suspend=n,address=127.0.0.1:56272
Begin MonoManager ReloadAssembly
Registering precompiled unity dll's ...
Register platform support module: C:/Program Files/Unity/Hub/Editor/2022.3.10f1/Editor/Data/PlaybackEngines/MacStandaloneSupport/UnityEditor.OSXStandalone.Extensions.dll
Register platform support module: C:/Program Files/Unity/Hub/Editor/2022.3.10f1/Editor/Data/PlaybackEngines/WindowsStandaloneSupport/UnityEditor.WindowsStandalone.Extensions.dll
Register platform support module: C:/Program Files/Unity/Hub/Editor/2022.3.10f1/Editor/Data/PlaybackEngines/MetroSupport/UnityEditor.UWP.Extensions.dll
Registered in 0.113499 seconds.
- Loaded All Assemblies, in  3.982 seconds
Native extension for UWP target not found
Native extension for WindowsStandalone target not found
Native extension for OSXStandalone target not found
Mono: successfully reloaded assembly
- Finished resetting the current domain, in  1.558 seconds
Domain Reload Profiling: 5534ms
	BeginReloadAssembly (1062ms)
		ExecutionOrderSort (0ms)
		DisableScriptedObjects (0ms)
		BackupInstance (0ms)
		ReleaseScriptingObjects (0ms)
		CreateAndSetChildDomain (2ms)
	RebuildCommonClasses (333ms)
	RebuildNativeTypeToScriptingClass (106ms)
	initialDomainReloadingComplete (1069ms)
	LoadAllAssembliesAndSetupDomain (1404ms)
		LoadAssemblies (1052ms)
		RebuildTransferFunctionScriptingTraits (0ms)
		AnalyzeDomain (1396ms)
			TypeCache.Refresh (1391ms)
				TypeCache.ScanAssembly (1147ms)
			ScanForSourceGeneratedMonoScriptInfo (2ms)
			ResolveRequiredComponents (1ms)
	FinalizeReload (1560ms)
		ReleaseScriptCaches (0ms)
		RebuildScriptCaches (0ms)
		SetupLoadedEditorAssemblies (1089ms)
			LogAssemblyErrors (0ms)
			InitializePlatformSupportModulesInManaged (204ms)
			SetLoadedEditorAssemblies (27ms)
			RefreshPlugins (0ms)
			BeforeProcessingInitializeOnLoad (13ms)
			ProcessInitializeOnLoadAttributes (622ms)
			ProcessInitializeOnLoadMethodAttributes (224ms)
			AfterProcessingInitializeOnLoad (0ms)
			EditorAssembliesLoaded (1ms)
		ExecutionOrderSort2 (0ms)
		AwakeInstancesAfterBackupRestoration (0ms)
========================================================================
Worker process is ready to serve import requests
Begin MonoManager ReloadAssembly
Symbol file LoadedFromMemory is not a mono symbol file
- Loaded All Assemblies, in 164.759 seconds
Refreshing native plugins compatible for Editor in 48.27 ms, found 3 plugins.
Native extension for UWP target not found
Native extension for WindowsStandalone target not found
Native extension for OSXStandalone target not found
Package Manager log level set to [2]
[Package Manager] Server::EnsureServerProcessIsRunning -- launch failed, reason: Unity was launched with the -noUpm command-line argument
[Package Manager] UpmClient::Send -- Unable to send message (not connected to UPM process).
[Package Manager] Cannot connect to Unity Package Manager local server
d3d12: upload buffer was full! Waited for COPY queue for 4.128 ms.
Mono: successfully reloaded assembly
- Finished resetting the current domain, in 338.682 seconds
Domain Reload Profiling: 502923ms
	BeginReloadAssembly (36383ms)
		ExecutionOrderSort (0ms)
		DisableScriptedObjects (530ms)
		BackupInstance (0ms)
		ReleaseScriptingObjects (284ms)
		CreateAndSetChildDomain (4577ms)
	RebuildCommonClasses (2013ms)
	RebuildNativeTypeToScriptingClass (90ms)
	initialDomainReloadingComplete (3136ms)
	LoadAllAssembliesAndSetupDomain (122603ms)
		LoadAssemblies (138757ms)
		RebuildTransferFunctionScriptingTraits (0ms)
		AnalyzeDomain (10347ms)
			TypeCache.Refresh (8843ms)
				TypeCache.ScanAssembly (8499ms)
			ScanForSourceGeneratedMonoScriptInfo (1385ms)
			ResolveRequiredComponents (106ms)
	FinalizeReload (338698ms)
		ReleaseScriptCaches (0ms)
		RebuildScriptCaches (0ms)
		SetupLoadedEditorAssemblies (331809ms)
			LogAssemblyErrors (0ms)
			InitializePlatformSupportModulesInManaged (413ms)
			SetLoadedEditorAssemblies (64ms)
			RefreshPlugins (0ms)
			BeforeProcessingInitializeOnLoad (113930ms)
			ProcessInitializeOnLoadAttributes (199449ms)
			ProcessInitializeOnLoadMethodAttributes (16044ms)
			AfterProcessingInitializeOnLoad (1901ms)
			EditorAssembliesLoaded (9ms)
		ExecutionOrderSort2 (0ms)
		AwakeInstancesAfterBackupRestoration (54ms)
Shader Hidden/ProbeVolume/VoxelizeScene is not supported: GPU does not support conservative rasterization
Launched and connected shader compiler UnityShaderCompiler.exe after 0.96 seconds
Refreshing native plugins compatible for Editor in 70.98 ms, found 3 plugins.
Preloading 0 native plugins for Editor in 0.00 ms.
Unloading 8622 Unused Serialized files (Serialized files now loaded: 0)
Unloading 134 unused Assets / (3.7 MB). Loaded Objects now: 9066.
Memory consumption went from 349.3 MB to 345.6 MB.
Total: 31.874000 ms (FindLiveObjects: 3.276600 ms CreateObjectMapping: 7.364200 ms MarkObjects: 18.728400 ms  DeleteObjects: 2.498000 ms)

AssetImportParameters requested are different than current active one (requested -> active):
  custom:container-demuxer-ogg: 62fdf1f143b41e24485cea50d1cbac27 -> 
  custom:framework-win-MediaFoundation: 216162199b28c13a410421893ffa2e32 -> 
  custom:container-muxer-webm: aa71ff27fc2769a1b78a27578f13a17b -> 
  custom:video-decoder-webm-vp8: 9c59270c3fd7afecdb556c50c9e8de78 -> 
  custom:SearchIndexIgnoredProperties: e643bd26f0fe6173181afceb89e7c659 -> 
  custom:AudioImporter_EditorPlatform: d09bf68614088b80899f8185d706f6e7 -> 
  custom:audio-decoder-ogg-vorbis: bf7c407c2cedff20999df2af8eb42d56 -> 
  custom:audio-encoder-webm-vorbis: bf7c407c2cedff20999df2af8eb42d56 -> 
  custom:video-decoder-ogg-theora: a1e56fd34408186e4bbccfd4996cb3dc -> 
  custom:CustomObjectIndexerAttribute: 756ad292c208cfabdd7b50bc23989ffe -> 
  custom:container-demuxer-webm: 4f35f7cbe854078d1ac9338744f61a02 -> 
  custom:video-encoder-webm-vp8: eb34c28f22e8b96e1ab97ce403110664 -> 
========================================================================
Received Prepare
Shader Hidden/ProbeVolume/VoxelizeScene is not supported: GPU does not support conservative rasterization
Refreshing native plugins compatible for Editor in 203.96 ms, found 3 plugins.
Preloading 0 native plugins for Editor in 0.00 ms.
Unloading 23 Unused Serialized files (Serialized files now loaded: 0)
Unloading 23 unused Assets / (3.6 MB). Loaded Objects now: 9066.
Memory consumption went from 179.8 MB to 176.2 MB.
Total: 926.165100 ms (FindLiveObjects: 14.503700 ms CreateObjectMapping: 500.221600 ms MarkObjects: 402.815000 ms  DeleteObjects: 8.618900 ms)

Prepare: number of updated asset objects reloaded= 0
AssetImportParameters requested are different than current active one (requested -> active):
  custom:container-demuxer-ogg: 62fdf1f143b41e24485cea50d1cbac27 -> 
  custom:framework-win-MediaFoundation: 216162199b28c13a410421893ffa2e32 -> 
  custom:container-muxer-webm: aa71ff27fc2769a1b78a27578f13a17b -> 
  custom:video-decoder-webm-vp8: 9c59270c3fd7afecdb556c50c9e8de78 -> 
  custom:SearchIndexIgnoredProperties: e643bd26f0fe6173181afceb89e7c659 -> 
  custom:AudioImporter_EditorPlatform: d09bf68614088b80899f8185d706f6e7 -> 
  custom:audio-decoder-ogg-vorbis: bf7c407c2cedff20999df2af8eb42d56 -> 
  custom:audio-encoder-webm-vorbis: bf7c407c2cedff20999df2af8eb42d56 -> 
  custom:video-decoder-ogg-theora: a1e56fd34408186e4bbccfd4996cb3dc -> 
  custom:CustomObjectIndexerAttribute: 756ad292c208cfabdd7b50bc23989ffe -> 
  custom:container-demuxer-webm: 4f35f7cbe854078d1ac9338744f61a02 -> 
  custom:video-encoder-webm-vp8: eb34c28f22e8b96e1ab97ce403110664 -> 
========================================================================
Received Import Request.
  Time since last request: 33682.736391 seconds.
  path: Assets/Game/Prefabs/Level segments/T_junction.prefab
  artifactKey: Guid(5a46c06723ce7be4cbac0feb2af0a3b5) Importer(815301076,1909f56bfc062723c751e8b465ee728b)
Start importing Assets/Game/Prefabs/Level segments/T_junction.prefab using Guid(5a46c06723ce7be4cbac0feb2af0a3b5) Importer(815301076,1909f56bfc062723c751e8b465ee728b) d3d12: upload buffer was full! Waited for COPY queue for 3.829 ms.

=================================================================
	Native Crash Reporting
=================================================================
Got a UNKNOWN while executing native code. This usually indicates
a fatal error in the mono runtime or one of the native libraries 
used by your application.
=================================================================

=================================================================
	Managed Stacktrace:
=================================================================
	  at <unknown> <0xffffffff>
	  at System.Object:__icall_wrapper_ves_icall_object_new_specific <0x000c2>
	  at CompiledPassInfo:Reset <0x00522>
	  at UnityEngine.Experimental.Rendering.RenderGraphModule.RenderGraph:InitializeCompilationData <0x002da>
	  at UnityEngine.Experimental.Rendering.RenderGraphModule.RenderGraph:CompileRenderGraph <0x0013a>
	  at UnityEngine.Experimental.Rendering.RenderGraphModule.RenderGraph:Execute <0x00222>
	  at UnityEngine.Experimental.Rendering.RenderGraphModule.RenderGraphExecution:Dispose <0x0007a>
	  at UnityEngine.Rendering.HighDefinition.HDRenderPipeline:ExecuteWithRenderGraph <0x00862>
	  at UnityEngine.Rendering.HighDefinition.HDRenderPipeline:ExecuteRenderRequest <0x03afa>
	  at UnityEngine.Rendering.HighDefinition.HDRenderPipeline:Render <0x04fea>
	  at UnityEngine.Rendering.RenderPipeline:InternalRender <0x001e8>
	  at UnityEngine.Rendering.RenderPipelineManager:DoRenderLoop_Internal <0x0041a>
	  at <Module>:runtime_invoke_void_object_intptr_object_AtomicSafetyHandle <0x00234>
	  at <unknown> <0xffffffff>
	  at UnityEngine.Camera:Render <0x00140>
	  at UnityEditor.PreviewRenderUtility:Render <0x00a0a>
	  at UnityEditor.GameObjectInspector:DoRenderPreview <0x011e2>
	  at UnityEditor.GameObjectInspector:RenderStaticPreview <0x0037a>
	  at UnityEditor.AssetPreviewUpdater:CreatePreview <0x00617>
	  at UnityEditor.AssetPreviewUpdater:CreatePreviewForAsset <0x000aa>
	  at <Module>:runtime_invoke_object_object_object_object <0x001af>
=================================================================
 -> (artifact id: '1f5dbf31342c020722da9b031053da6f') in 1885.807377 seconds
Number of updated asset objects reloaded before import = 0
Number of asset objects unloaded after import = 469
========================================================================
Received Prepare
Begin MonoManager ReloadAssembly
Symbol file LoadedFromMemory is not a mono symbol file
- Loaded All Assemblies, in 54.237 seconds
Refreshing native plugins compatible for Editor in 463.61 ms, found 3 plugins.
Native extension for UWP target not found
Native extension for WindowsStandalone target not found
Native extension for OSXStandalone target not found
[Package Manager] Server::EnsureServerProcessIsRunning -- launch failed, reason: Unity was launched with the -noUpm command-line argument
[Package Manager] UpmClient::Send -- Unable to send message (not connected to UPM process).
[Package Manager] Cannot connect to Unity Package Manager local server
Mono: successfully reloaded assembly
- Finished resetting the current domain, in 352.051 seconds
Domain Reload Profiling: 405894ms
	BeginReloadAssembly (15141ms)
		ExecutionOrderSort (0ms)
		DisableScriptedObjects (2008ms)
		BackupInstance (0ms)
		ReleaseScriptingObjects (1ms)
		CreateAndSetChildDomain (4354ms)
	RebuildCommonClasses (2036ms)
	RebuildNativeTypeToScriptingClass (982ms)
	initialDomainReloadingComplete (4080ms)
	LoadAllAssembliesAndSetupDomain (31603ms)
		LoadAssemblies (35523ms)
		RebuildTransferFunctionScriptingTraits (0ms)
		AnalyzeDomain (1274ms)
			TypeCache.Refresh (655ms)
				TypeCache.ScanAssembly (0ms)
			ScanForSourceGeneratedMonoScriptInfo (45ms)
			ResolveRequiredComponents (568ms)
	FinalizeReload (352054ms)
		ReleaseScriptCaches (0ms)
		RebuildScriptCaches (0ms)
		SetupLoadedEditorAssemblies (191912ms)
			LogAssemblyErrors (0ms)
			InitializePlatformSupportModulesInManaged (3627ms)
			SetLoadedEditorAssemblies (323ms)
			RefreshPlugins (0ms)
			BeforeProcessingInitializeOnLoad (42659ms)
			ProcessInitializeOnLoadAttributes (144276ms)
			ProcessInitializeOnLoadMethodAttributes (940ms)
			AfterProcessingInitializeOnLoad (85ms)
			EditorAssembliesLoaded (3ms)
		ExecutionOrderSort2 (4ms)
		AwakeInstancesAfterBackupRestoration (781ms)
Shader Hidden/ProbeVolume/VoxelizeScene is not supported: GPU does not support conservative rasterization
Refreshing native plugins compatible for Editor in 328.23 ms, found 3 plugins.
Preloading 0 native plugins for Editor in 0.00 ms.
Unloading 8275 Unused Serialized files (Serialized files now loaded: 0)
Unloading 84 unused Assets / (3.6 MB). Loaded Objects now: 9209.
Memory consumption went from 317.1 MB to 313.5 MB.
Total: 612.147800 ms (FindLiveObjects: 11.030500 ms CreateObjectMapping: 37.514800 ms MarkObjects: 560.196800 ms  DeleteObjects: 3.329400 ms)

Prepare: number of updated asset objects reloaded= 0
AssetImportParameters requested are different than current active one (requested -> active):
  custom:container-demuxer-ogg: 62fdf1f143b41e24485cea50d1cbac27 -> 
  custom:framework-win-MediaFoundation: 216162199b28c13a410421893ffa2e32 -> 
  custom:container-muxer-webm: aa71ff27fc2769a1b78a27578f13a17b -> 
  custom:video-decoder-webm-vp8: 9c59270c3fd7afecdb556c50c9e8de78 -> 
  custom:SearchIndexIgnoredProperties: e643bd26f0fe6173181afceb89e7c659 -> 
  custom:AudioImporter_EditorPlatform: d09bf68614088b80899f8185d706f6e7 -> 
  custom:audio-decoder-ogg-vorbis: bf7c407c2cedff20999df2af8eb42d56 -> 
  custom:audio-encoder-webm-vorbis: bf7c407c2cedff20999df2af8eb42d56 -> 
  custom:video-decoder-ogg-theora: a1e56fd34408186e4bbccfd4996cb3dc -> 
  custom:CustomObjectIndexerAttribute: 756ad292c208cfabdd7b50bc23989ffe -> 
  custom:container-demuxer-webm: 4f35f7cbe854078d1ac9338744f61a02 -> 
  custom:video-encoder-webm-vp8: eb34c28f22e8b96e1ab97ce403110664 -> 
========================================================================
Received Import Request.
  Time since last request: 837.904643 seconds.
  path: Assets/Game/Prefabs/Level segments/T_junction.prefab
  artifactKey: Guid(5a46c06723ce7be4cbac0feb2af0a3b5) Importer(815301076,1909f56bfc062723c751e8b465ee728b)
Start importing Assets/Game/Prefabs/Level segments/T_junction.prefab using Guid(5a46c06723ce7be4cbac0feb2af0a3b5) Importer(815301076,1909f56bfc062723c751e8b465ee728b) d3d12: upload buffer was full! Waited for COPY queue for 2.954 ms.
 -> (artifact id: '1f5dbf31342c020722da9b031053da6f') in 14.440209 seconds
Number of updated asset objects reloaded before import = 0
Number of asset objects unloaded after import = 517
========================================================================
Received Import Request.
  Time since last request: 0.000134 seconds.
  path: Assets/Game/Prefabs/Level segments/Wall.prefab
  artifactKey: Guid(717ee722cb835414a8fd0a71041bea1c) Importer(815301076,1909f56bfc062723c751e8b465ee728b)
Start importing Assets/Game/Prefabs/Level segments/Wall.prefab using Guid(717ee722cb835414a8fd0a71041bea1c) Importer(815301076,1909f56bfc062723c751e8b465ee728b)  -> (artifact id: '16af2bb721a49cc83b8ebaf7a1ee4e35') in 0.117870 seconds
Number of updated asset objects reloaded before import = 0
Number of asset objects unloaded after import = 11
========================================================================
Received Import Request.
  Time since last request: 0.000110 seconds.
  path: Assets/Game/Prefabs/Level segments/Start.prefab
  artifactKey: Guid(622a74a8406a1a74e9ea7372d3708bc0) Importer(815301076,1909f56bfc062723c751e8b465ee728b)
Start importing Assets/Game/Prefabs/Level segments/Start.prefab using Guid(622a74a8406a1a74e9ea7372d3708bc0) Importer(815301076,1909f56bfc062723c751e8b465ee728b)  -> (artifact id: 'd2274e11a1f35223e4516d6d1fbc2761') in 0.535921 seconds
Number of updated asset objects reloaded before import = 0
Number of asset objects unloaded after import = 567
========================================================================
Received Import Request.
  Time since last request: 0.000136 seconds.
  path: Assets/Game/Prefabs/Level segments/Door.prefab
  artifactKey: Guid(eef08cbf451ab894180d7c01e471007e) Importer(815301076,1909f56bfc062723c751e8b465ee728b)
Start importing Assets/Game/Prefabs/Level segments/Door.prefab using Guid(eef08cbf451ab894180d7c01e471007e) Importer(815301076,1909f56bfc062723c751e8b465ee728b)  -> (artifact id: '370508a563acdcb31eac22f030c5e676') in 0.196524 seconds
Number of updated asset objects reloaded before import = 0
Number of asset objects unloaded after import = 471
========================================================================
Received Import Request.
  Time since last request: 0.001576 seconds.
  path: Assets/Game/Prefabs/Level segments/RampAdvanced.prefab
  artifactKey: Guid(da0442ce92e6fdc49a5ff4afbbbdebf9) Importer(815301076,1909f56bfc062723c751e8b465ee728b)
Start importing Assets/Game/Prefabs/Level segments/RampAdvanced.prefab using Guid(da0442ce92e6fdc49a5ff4afbbbdebf9) Importer(815301076,1909f56bfc062723c751e8b465ee728b)  -> (artifact id: 'fd92b191527ead2548a83ef2a8f44e85') in 0.232652 seconds
Number of updated asset objects reloaded before import = 0
Number of asset objects unloaded after import = 471
========================================================================
Received Import Request.
  Time since last request: 2701.819666 seconds.
  path: Assets/Game/Prefabs/Level segments/Corridor.prefab
  artifactKey: Guid(1b093448b3dc3c4499a3297991de4289) Importer(815301076,1909f56bfc062723c751e8b465ee728b)
Start importing Assets/Game/Prefabs/Level segments/Corridor.prefab using Guid(1b093448b3dc3c4499a3297991de4289) Importer(815301076,1909f56bfc062723c751e8b465ee728b)  -> (artifact id: '6110badb54d4b405d2a731138b883813') in 2.058134 seconds
Number of updated asset objects reloaded before import = 0
Number of asset objects unloaded after import = 343
========================================================================
Received Import Request.
  Time since last request: 0.000187 seconds.
  path: Assets/Game/Prefabs/Level segments/RampUp.prefab
  artifactKey: Guid(d05f34f34b43bd848a23b770242c36ca) Importer(815301076,1909f56bfc062723c751e8b465ee728b)
Start importing Assets/Game/Prefabs/Level segments/RampUp.prefab using Guid(d05f34f34b43bd848a23b770242c36ca) Importer(815301076,1909f56bfc062723c751e8b465ee728b)  -> (artifact id: 'ad7b568382773f42a9fda67e8d72498f') in 0.561787 seconds
Number of updated asset objects reloaded before import = 0
Number of asset objects unloaded after import = 343
========================================================================
Received Import Request.
  Time since last request: 0.000178 seconds.
  path: Assets/Game/Prefabs/Level segments/RampDown.prefab
  artifactKey: Guid(3fd092bafd5df084ab0fcd965fe27a61) Importer(815301076,1909f56bfc062723c751e8b465ee728b)
Start importing Assets/Game/Prefabs/Level segments/RampDown.prefab using Guid(3fd092bafd5df084ab0fcd965fe27a61) Importer(815301076,1909f56bfc062723c751e8b465ee728b)  -> (artifact id: 'ee40079f4f14a4035aa125514bb0b5bd') in 0.655710 seconds
Number of updated asset objects reloaded before import = 0
Number of asset objects unloaded after import = 343
========================================================================
Received Import Request.
  Time since last request: 0.000188 seconds.
  path: Assets/Game/Prefabs/Level segments/T_junction.prefab
  artifactKey: Guid(5a46c06723ce7be4cbac0feb2af0a3b5) Importer(815301076,1909f56bfc062723c751e8b465ee728b)
Start importing Assets/Game/Prefabs/Level segments/T_junction.prefab using Guid(5a46c06723ce7be4cbac0feb2af0a3b5) Importer(815301076,1909f56bfc062723c751e8b465ee728b)  -> (artifact id: '7a313cfe180d31052b910bf4fbe0fc2f') in 0.171031 seconds
Number of updated asset objects reloaded before import = 0
Number of asset objects unloaded after import = 343
========================================================================
Received Import Request.
  Time since last request: 0.000097 seconds.
  path: Assets/Game/Prefabs/Level segments/Wall.prefab
  artifactKey: Guid(717ee722cb835414a8fd0a71041bea1c) Importer(815301076,1909f56bfc062723c751e8b465ee728b)
Start importing Assets/Game/Prefabs/Level segments/Wall.prefab using Guid(717ee722cb835414a8fd0a71041bea1c) Importer(815301076,1909f56bfc062723c751e8b465ee728b)  -> (artifact id: '20607bb5b80d703d47d3de3b33aab40f') in 0.091733 seconds
Number of updated asset objects reloaded before import = 0
Number of asset objects unloaded after import = 9
========================================================================
Received Import Request.
  Time since last request: 0.000306 seconds.
  path: Assets/Game/Prefabs/Level segments/Start.prefab
  artifactKey: Guid(622a74a8406a1a74e9ea7372d3708bc0) Importer(815301076,1909f56bfc062723c751e8b465ee728b)
Start importing Assets/Game/Prefabs/Level segments/Start.prefab using Guid(622a74a8406a1a74e9ea7372d3708bc0) Importer(815301076,1909f56bfc062723c751e8b465ee728b)  -> (artifact id: '07e6f322f274b0319ddfa3a946befb1c') in 1.446949 seconds
Number of updated asset objects reloaded before import = 0
Number of asset objects unloaded after import = 413
========================================================================
Received Import Request.
  Time since last request: 0.000171 seconds.
  path: Assets/Game/Prefabs/Level segments/Door.prefab
  artifactKey: Guid(eef08cbf451ab894180d7c01e471007e) Importer(815301076,1909f56bfc062723c751e8b465ee728b)
Start importing Assets/Game/Prefabs/Level segments/Door.prefab using Guid(eef08cbf451ab894180d7c01e471007e) Importer(815301076,1909f56bfc062723c751e8b465ee728b)  -> (artifact id: 'c7e6ae9b02ef31aad5154f583b74050b') in 1.114444 seconds
Number of updated asset objects reloaded before import = 0
Number of asset objects unloaded after import = 343
========================================================================
Received Import Request.
  Time since last request: 0.000118 seconds.
  path: Assets/Game/Prefabs/Level segments/RampAdvanced.prefab
  artifactKey: Guid(da0442ce92e6fdc49a5ff4afbbbdebf9) Importer(815301076,1909f56bfc062723c751e8b465ee728b)
Start importing Assets/Game/Prefabs/Level segments/RampAdvanced.prefab using Guid(da0442ce92e6fdc49a5ff4afbbbdebf9) Importer(815301076,1909f56bfc062723c751e8b465ee728b)  -> (artifact id: 'bde09f254c3e730545edae6f24364714') in 0.528131 seconds
Number of updated asset objects reloaded before import = 0
Number of asset objects unloaded after import = 343
========================================================================
Received Prepare
Begin MonoManager ReloadAssembly
Symbol file LoadedFromMemory is not a mono symbol file
- Loaded All Assemblies, in  7.756 seconds
Refreshing native plugins compatible for Editor in 203.54 ms, found 3 plugins.
Native extension for UWP target not found
Native extension for WindowsStandalone target not found
Native extension for OSXStandalone target not found
[Package Manager] Server::EnsureServerProcessIsRunning -- launch failed, reason: Unity was launched with the -noUpm command-line argument
[Package Manager] UpmClient::Send -- Unable to send message (not connected to UPM process).
[Package Manager] Cannot connect to Unity Package Manager local server
Mono: successfully reloaded assembly
- Finished resetting the current domain, in 32.173 seconds
Domain Reload Profiling: 39905ms
	BeginReloadAssembly (1554ms)
		ExecutionOrderSort (1ms)
		DisableScriptedObjects (197ms)
		BackupInstance (0ms)
		ReleaseScriptingObjects (0ms)
		CreateAndSetChildDomain (409ms)
	RebuildCommonClasses (158ms)
	RebuildNativeTypeToScriptingClass (49ms)
	initialDomainReloadingComplete (467ms)
	LoadAllAssembliesAndSetupDomain (5500ms)
		LoadAssemblies (5330ms)
		RebuildTransferFunctionScriptingTraits (0ms)
		AnalyzeDomain (945ms)
			TypeCache.Refresh (107ms)
				TypeCache.ScanAssembly (3ms)
			ScanForSourceGeneratedMonoScriptInfo (737ms)
			ResolveRequiredComponents (90ms)
	FinalizeReload (32177ms)
		ReleaseScriptCaches (0ms)
		RebuildScriptCaches (0ms)
		SetupLoadedEditorAssemblies (11101ms)
			LogAssemblyErrors (0ms)
			InitializePlatformSupportModulesInManaged (102ms)
			SetLoadedEditorAssemblies (35ms)
			RefreshPlugins (0ms)
			BeforeProcessingInitializeOnLoad (2010ms)
			ProcessInitializeOnLoadAttributes (8199ms)
			ProcessInitializeOnLoadMethodAttributes (688ms)
			AfterProcessingInitializeOnLoad (63ms)
			EditorAssembliesLoaded (3ms)
		ExecutionOrderSort2 (0ms)
		AwakeInstancesAfterBackupRestoration (856ms)
Shader Hidden/ProbeVolume/VoxelizeScene is not supported: GPU does not support conservative rasterization
Refreshing native plugins compatible for Editor in 301.46 ms, found 3 plugins.
Preloading 0 native plugins for Editor in 0.00 ms.
Unloading 8269 Unused Serialized files (Serialized files now loaded: 0)
Unloading 84 unused Assets / (3.6 MB). Loaded Objects now: 9332.
Memory consumption went from 311.2 MB to 307.6 MB.
Total: 30.005000 ms (FindLiveObjects: 1.895300 ms CreateObjectMapping: 4.045900 ms MarkObjects: 21.259900 ms  DeleteObjects: 2.801300 ms)

Prepare: number of updated asset objects reloaded= 0
AssetImportParameters requested are different than current active one (requested -> active):
  custom:container-demuxer-ogg: 62fdf1f143b41e24485cea50d1cbac27 -> 
  custom:framework-win-MediaFoundation: 216162199b28c13a410421893ffa2e32 -> 
  custom:container-muxer-webm: aa71ff27fc2769a1b78a27578f13a17b -> 
  custom:video-decoder-webm-vp8: 9c59270c3fd7afecdb556c50c9e8de78 -> 
  custom:SearchIndexIgnoredProperties: e643bd26f0fe6173181afceb89e7c659 -> 
  custom:AudioImporter_EditorPlatform: d09bf68614088b80899f8185d706f6e7 -> 
  custom:audio-decoder-ogg-vorbis: bf7c407c2cedff20999df2af8eb42d56 -> 
  custom:audio-encoder-webm-vorbis: bf7c407c2cedff20999df2af8eb42d56 -> 
  custom:video-decoder-ogg-theora: a1e56fd34408186e4bbccfd4996cb3dc -> 
  custom:CustomObjectIndexerAttribute: 756ad292c208cfabdd7b50bc23989ffe -> 
  custom:container-demuxer-webm: 4f35f7cbe854078d1ac9338744f61a02 -> 
  custom:video-encoder-webm-vp8: eb34c28f22e8b96e1ab97ce403110664 -> 
========================================================================
Received Import Request.
  Time since last request: 339.980111 seconds.
  path: Assets/Game/Prefabs/Level segments/RampUp.prefab
  artifactKey: Guid(d05f34f34b43bd848a23b770242c36ca) Importer(815301076,1909f56bfc062723c751e8b465ee728b)
Start importing Assets/Game/Prefabs/Level segments/RampUp.prefab using Guid(d05f34f34b43bd848a23b770242c36ca) Importer(815301076,1909f56bfc062723c751e8b465ee728b) d3d12: upload buffer was full! Waited for COPY queue for 5.551 ms.
 -> (artifact id: 'e32d40f50ab4a6c2dd27f455403f7bf9') in 9.640538 seconds
Number of updated asset objects reloaded before import = 0
Number of asset objects unloaded after import = 389
========================================================================
Received Import Request.
  Time since last request: 0.000167 seconds.
  path: Assets/Game/Prefabs/Level segments/RampDown.prefab
  artifactKey: Guid(3fd092bafd5df084ab0fcd965fe27a61) Importer(815301076,1909f56bfc062723c751e8b465ee728b)
Start importing Assets/Game/Prefabs/Level segments/RampDown.prefab using Guid(3fd092bafd5df084ab0fcd965fe27a61) Importer(815301076,1909f56bfc062723c751e8b465ee728b)  -> (artifact id: 'd778b571bc936aaf552f36f2f0862ba1') in 0.260775 seconds
Number of updated asset objects reloaded before import = 0
Number of asset objects unloaded after import = 343
========================================================================
Received Import Request.
  Time since last request: 0.000168 seconds.
  path: Assets/Game/Prefabs/Level segments/T_junction.prefab
  artifactKey: Guid(5a46c06723ce7be4cbac0feb2af0a3b5) Importer(815301076,1909f56bfc062723c751e8b465ee728b)
Start importing Assets/Game/Prefabs/Level segments/T_junction.prefab using Guid(5a46c06723ce7be4cbac0feb2af0a3b5) Importer(815301076,1909f56bfc062723c751e8b465ee728b)  -> (artifact id: '207c7fb54fabf79c2e4ad0ffe34daf9f') in 0.172364 seconds
Number of updated asset objects reloaded before import = 0
Number of asset objects unloaded after import = 343
========================================================================
Received Import Request.
  Time since last request: 0.000068 seconds.
  path: Assets/Game/Prefabs/Level segments/Wall.prefab
  artifactKey: Guid(717ee722cb835414a8fd0a71041bea1c) Importer(815301076,1909f56bfc062723c751e8b465ee728b)
Start importing Assets/Game/Prefabs/Level segments/Wall.prefab using Guid(717ee722cb835414a8fd0a71041bea1c) Importer(815301076,1909f56bfc062723c751e8b465ee728b)  -> (artifact id: '441e83862ac943b439a92f745a863c88') in 0.226432 seconds
Number of updated asset objects reloaded before import = 0
Number of asset objects unloaded after import = 9
========================================================================
Received Import Request.
  Time since last request: 0.000145 seconds.
  path: Assets/Game/Prefabs/Level segments/Start.prefab
  artifactKey: Guid(622a74a8406a1a74e9ea7372d3708bc0) Importer(815301076,1909f56bfc062723c751e8b465ee728b)
Start importing Assets/Game/Prefabs/Level segments/Start.prefab using Guid(622a74a8406a1a74e9ea7372d3708bc0) Importer(815301076,1909f56bfc062723c751e8b465ee728b)  -> (artifact id: '49139bd79745b245d896a44ec6ab48b8') in 0.446221 seconds
Number of updated asset objects reloaded before import = 0
Number of asset objects unloaded after import = 413
========================================================================
Received Import Request.
  Time since last request: 0.000114 seconds.
  path: Assets/Game/Prefabs/Level segments/Door.prefab
  artifactKey: Guid(eef08cbf451ab894180d7c01e471007e) Importer(815301076,1909f56bfc062723c751e8b465ee728b)
Start importing Assets/Game/Prefabs/Level segments/Door.prefab using Guid(eef08cbf451ab894180d7c01e471007e) Importer(815301076,1909f56bfc062723c751e8b465ee728b)  -> (artifact id: 'f8f64f9f973c4b35479ccb6491999a87') in 0.326464 seconds
Number of updated asset objects reloaded before import = 0
Number of asset objects unloaded after import = 343
========================================================================
Received Import Request.
  Time since last request: 0.000098 seconds.
  path: Assets/Game/Prefabs/Level segments/Corridor.prefab
  artifactKey: Guid(1b093448b3dc3c4499a3297991de4289) Importer(815301076,1909f56bfc062723c751e8b465ee728b)
Start importing Assets/Game/Prefabs/Level segments/Corridor.prefab using Guid(1b093448b3dc3c4499a3297991de4289) Importer(815301076,1909f56bfc062723c751e8b465ee728b)  -> (artifact id: 'aae0707b4b5200ffca7678b95e10f64b') in 0.273752 seconds
Number of updated asset objects reloaded before import = 0
Number of asset objects unloaded after import = 343
========================================================================
Received Import Request.
  Time since last request: 0.000369 seconds.
  path: Assets/Game/Prefabs/Level segments/RampAdvanced.prefab
  artifactKey: Guid(da0442ce92e6fdc49a5ff4afbbbdebf9) Importer(815301076,1909f56bfc062723c751e8b465ee728b)
Start importing Assets/Game/Prefabs/Level segments/RampAdvanced.prefab using Guid(da0442ce92e6fdc49a5ff4afbbbdebf9) Importer(815301076,1909f56bfc062723c751e8b465ee728b)  -> (artifact id: '0e5135277bf3679eba9ed2fde89ae251') in 0.279095 seconds
Number of updated asset objects reloaded before import = 0
Number of asset objects unloaded after import = 343
